<?xml version="1.0" encoding="UTF-8"?>
<testsuite xmlns:xsi="http://www.w3.org/2001/XMLSchema-instance" xsi:noNamespaceSchemaLocation="https://maven.apache.org/surefire/maven-surefire-plugin/xsd/surefire-test-report.xsd" version="3.0.1" name="autoTest.accuweather.alarm.FifteenDaysOfWeatherAlarmsTest" time="2.193" tests="1" errors="0" skipped="0" failures="0">
  <properties>
[...]
</properties>
  <testcase name="getFifteenDaysOfWeatherAlarms_shouldReturn401" classname="autoTest.accuweather.alarm.FifteenDaysOfWeatherAlarmsTest" time="1.507">
    <system-out><![CDATA[20:49:04,023 |-INFO in ch.qos.logback.classic.LoggerContext[default] - This is logback-classic version 1.3.5
20:49:04,046 |-INFO in ch.qos.logback.classic.LoggerContext[default] - Could NOT find resource [logback-test.xml]
20:49:04,046 |-INFO in ch.qos.logback.classic.LoggerContext[default] - Found resource [logback.xml] at [file:/C:/Users/Alex/Desktop/GB/Mobile_testing/AutoTestHomework5-master/target/classes/logback.xml]
20:49:04,154 |-INFO in ch.qos.logback.core.model.processor.AppenderModelHandler - Processing appender named [STDOUT]
20:49:04,154 |-INFO in ch.qos.logback.core.model.processor.AppenderModelHandler - About to instantiate appender of type [ch.qos.logback.core.ConsoleAppender]
20:49:04,160 |-INFO in ch.qos.logback.core.model.processor.ImplicitModelHandler - Assuming default type [ch.qos.logback.classic.encoder.PatternLayoutEncoder] for [encoder] property
20:49:04,189 |-INFO in ch.qos.logback.core.model.processor.AppenderModelHandler - Processing appender named [FILE]
20:49:04,189 |-INFO in ch.qos.logback.core.model.processor.AppenderModelHandler - About to instantiate appender of type [ch.qos.logback.core.FileAppender]
20:49:04,192 |-WARN in ch.qos.logback.core.model.processor.ImplicitModelHandler - Ignoring unknown property [rollingPolicy] in [ch.qos.logback.core.FileAppender]
20:49:04,197 |-INFO in ch.qos.logback.core.model.processor.ImplicitModelHandler - Assuming default type [ch.qos.logback.classic.encoder.PatternLayoutEncoder] for [encoder] property
20:49:04,197 |-INFO in ch.qos.logback.core.FileAppender[FILE] - File property is set to [C:\GB_Cours\TS\BeginAutoTest\Homework\AutoTestHomework5\src\test\resources/tests.log]
20:49:04,202 |-INFO in ch.qos.logback.classic.model.processor.RootLoggerModelHandler - Setting level of ROOT logger to DEBUG
20:49:04,202 |-INFO in ch.qos.logback.core.model.processor.AppenderRefModelHandler - Attaching appender named [STDOUT] to Logger[ROOT]
20:49:04,202 |-INFO in ch.qos.logback.core.model.processor.AppenderRefModelHandler - Attaching appender named [FILE] to Logger[ROOT]
20:49:04,202 |-INFO in ch.qos.logback.core.model.processor.DefaultProcessor@49c90a9c - End of configuration.
20:49:04,203 |-INFO in ch.qos.logback.classic.joran.JoranConfigurator@2d29b4ee - Registering current configuration as safe fallback point

20:49:04.454 [main] INFO  org.mortbay.log - Logging to Logger[org.mortbay.log] via org.mortbay.log.Slf4jLog
20:49:04.457 [main] DEBUG org.mortbay.log - Container Server@2ceb80a1 + org.mortbay.thread.QueuedThreadPool@7ca33c24 as threadpool
20:49:04.460 [main] DEBUG org.mortbay.log - Container Server@2ceb80a1 + DelayableSocketConnector@0.0.0.0:8080 as connector
20:49:04.469 [main] DEBUG org.mortbay.log - Container Server@2ceb80a1 + org.mortbay.jetty.servlet.Context@1dd6d4b7{/__admin,null} as handler
20:49:04.469 [main] DEBUG org.mortbay.log - Container org.mortbay.jetty.servlet.Context@1dd6d4b7{/__admin,null} + ServletHandler@56e8b606 as handler
20:49:04.472 [main] DEBUG org.mortbay.log - Container ServletHandler@56e8b606 + com.github.tomakehurst.wiremock.jetty6.Jetty6HandlerDispatchingServlet-1544078442 as servlet
20:49:04.474 [main] DEBUG org.mortbay.log - Container ServletHandler@56e8b606 + (S=com.github.tomakehurst.wiremock.jetty6.Jetty6HandlerDispatchingServlet-1544078442,[/]) as servletMapping
20:49:04.477 [main] DEBUG org.mortbay.log - filterNameMap=null
20:49:04.477 [main] DEBUG org.mortbay.log - pathFilters=null
20:49:04.477 [main] DEBUG org.mortbay.log - servletFilterMap=null
20:49:04.477 [main] DEBUG org.mortbay.log - servletPathMap={/=com.github.tomakehurst.wiremock.jetty6.Jetty6HandlerDispatchingServlet-1544078442}
20:49:04.478 [main] DEBUG org.mortbay.log - servletNameMap={com.github.tomakehurst.wiremock.jetty6.Jetty6HandlerDispatchingServlet-1544078442=com.github.tomakehurst.wiremock.jetty6.Jetty6HandlerDispatchingServlet-1544078442}
20:49:04.478 [main] DEBUG org.mortbay.log - Container ServletHandler@56e8b606 - com.github.tomakehurst.wiremock.jetty6.Jetty6HandlerDispatchingServlet-1544078442 as servlet
20:49:04.479 [main] DEBUG org.mortbay.log - Container ServletHandler@56e8b606 - (S=com.github.tomakehurst.wiremock.jetty6.Jetty6HandlerDispatchingServlet-1544078442,[/]) as servletMapping
20:49:04.479 [main] DEBUG org.mortbay.log - Container Server@2ceb80a1 - org.mortbay.jetty.servlet.Context@1dd6d4b7{/__admin,null} as handler
20:49:04.479 [main] DEBUG org.mortbay.log - Container Server@2ceb80a1 + HandlerCollection@2cc3ad05 as handler
20:49:04.479 [main] DEBUG org.mortbay.log - Container ServletHandler@56e8b606 + com.github.tomakehurst.wiremock.jetty6.Jetty6HandlerDispatchingServlet-1544078442 as servlet
20:49:04.479 [main] DEBUG org.mortbay.log - Container ServletHandler@56e8b606 + (S=com.github.tomakehurst.wiremock.jetty6.Jetty6HandlerDispatchingServlet-1544078442,[/]) as servletMapping
20:49:04.479 [main] DEBUG org.mortbay.log - Container org.mortbay.jetty.servlet.Context@1dd6d4b7{/__admin,null} + ServletHandler@56e8b606 as handler
20:49:04.479 [main] DEBUG org.mortbay.log - Container HandlerCollection@2cc3ad05 + org.mortbay.jetty.servlet.Context@1dd6d4b7{/__admin,null} as handler
20:49:04.479 [main] DEBUG org.mortbay.log - Container HandlerCollection@2cc3ad05 + org.mortbay.jetty.servlet.Context@1dd6d4b7{/__admin,null} as handler
20:49:04.480 [main] DEBUG org.mortbay.log - Container HandlerCollection@2cc3ad05 + org.mortbay.jetty.servlet.Context@1dd6d4b7{/__admin,null} as handler
20:49:04.480 [main] DEBUG org.mortbay.log - Container HandlerCollection@2cc3ad05 + org.mortbay.jetty.servlet.Context@710b18a6{/,null} as handler
20:49:04.480 [main] DEBUG org.mortbay.log - Container org.mortbay.jetty.servlet.Context@710b18a6{/,null} + ServletHandler@119020fb as handler
20:49:04.481 [main] DEBUG org.mortbay.log - Container ServletHandler@119020fb + org.mortbay.jetty.servlet.DefaultServlet-1930903395 as servlet
20:49:04.482 [main] DEBUG org.mortbay.log - Container ServletHandler@119020fb + (S=org.mortbay.jetty.servlet.DefaultServlet-1930903395,[/__files/*]) as servletMapping
20:49:04.482 [main] DEBUG org.mortbay.log - filterNameMap=null
20:49:04.482 [main] DEBUG org.mortbay.log - pathFilters=null
20:49:04.482 [main] DEBUG org.mortbay.log - servletFilterMap=null
20:49:04.482 [main] DEBUG org.mortbay.log - servletPathMap={/__files/*=org.mortbay.jetty.servlet.DefaultServlet-1930903395}
20:49:04.483 [main] DEBUG org.mortbay.log - servletNameMap={org.mortbay.jetty.servlet.DefaultServlet-1930903395=org.mortbay.jetty.servlet.DefaultServlet-1930903395}
20:49:04.483 [main] DEBUG org.mortbay.log - Container ServletHandler@119020fb + com.github.tomakehurst.wiremock.jetty6.Jetty6HandlerDispatchingServlet-872522004 as servlet
20:49:04.483 [main] DEBUG org.mortbay.log - Container ServletHandler@119020fb + (S=com.github.tomakehurst.wiremock.jetty6.Jetty6HandlerDispatchingServlet-872522004,[/]) as servletMapping
20:49:04.483 [main] DEBUG org.mortbay.log - filterNameMap=null
20:49:04.483 [main] DEBUG org.mortbay.log - pathFilters=null
20:49:04.483 [main] DEBUG org.mortbay.log - servletFilterMap=null
20:49:04.484 [main] DEBUG org.mortbay.log - servletPathMap={/__files/*=org.mortbay.jetty.servlet.DefaultServlet-1930903395, /=com.github.tomakehurst.wiremock.jetty6.Jetty6HandlerDispatchingServlet-872522004}
20:49:04.484 [main] DEBUG org.mortbay.log - servletNameMap={com.github.tomakehurst.wiremock.jetty6.Jetty6HandlerDispatchingServlet-872522004=com.github.tomakehurst.wiremock.jetty6.Jetty6HandlerDispatchingServlet-872522004, org.mortbay.jetty.servlet.DefaultServlet-1930903395=org.mortbay.jetty.servlet.DefaultServlet-1930903395}
20:49:04.509 [main] DEBUG org.mortbay.log - Container ServletHandler@119020fb + com.github.tomakehurst.wiremock.servlet.ContentTypeSettingFilter-1064905627 as filter
20:49:04.517 [main] DEBUG org.mortbay.log - Container ServletHandler@119020fb + (F=com.github.tomakehurst.wiremock.servlet.ContentTypeSettingFilter-1064905627,[/__files/*],[],2) as filterMapping
20:49:04.520 [main] DEBUG org.mortbay.log - filterNameMap={com.github.tomakehurst.wiremock.servlet.ContentTypeSettingFilter-1064905627=com.github.tomakehurst.wiremock.servlet.ContentTypeSettingFilter-1064905627}
20:49:04.520 [main] DEBUG org.mortbay.log - pathFilters=[(F=com.github.tomakehurst.wiremock.servlet.ContentTypeSettingFilter-1064905627,[/__files/*],[],2)]
20:49:04.520 [main] DEBUG org.mortbay.log - servletFilterMap=null
20:49:04.520 [main] DEBUG org.mortbay.log - servletPathMap={/__files/*=org.mortbay.jetty.servlet.DefaultServlet-1930903395, /=com.github.tomakehurst.wiremock.jetty6.Jetty6HandlerDispatchingServlet-872522004}
20:49:04.520 [main] DEBUG org.mortbay.log - servletNameMap={com.github.tomakehurst.wiremock.jetty6.Jetty6HandlerDispatchingServlet-872522004=com.github.tomakehurst.wiremock.jetty6.Jetty6HandlerDispatchingServlet-872522004, org.mortbay.jetty.servlet.DefaultServlet-1930903395=org.mortbay.jetty.servlet.DefaultServlet-1930903395}
20:49:04.521 [main] DEBUG org.mortbay.log - Container ServletHandler@119020fb + com.github.tomakehurst.wiremock.servlet.TrailingSlashFilter-2143739483 as filter
20:49:04.522 [main] DEBUG org.mortbay.log - Container ServletHandler@119020fb + (F=com.github.tomakehurst.wiremock.servlet.TrailingSlashFilter-2143739483,[/__files/*],[],15) as filterMapping
20:49:04.522 [main] DEBUG org.mortbay.log - filterNameMap={com.github.tomakehurst.wiremock.servlet.TrailingSlashFilter-2143739483=com.github.tomakehurst.wiremock.servlet.TrailingSlashFilter-2143739483, com.github.tomakehurst.wiremock.servlet.ContentTypeSettingFilter-1064905627=com.github.tomakehurst.wiremock.servlet.ContentTypeSettingFilter-1064905627}
20:49:04.523 [main] DEBUG org.mortbay.log - pathFilters=[(F=com.github.tomakehurst.wiremock.servlet.ContentTypeSettingFilter-1064905627,[/__files/*],[],2), (F=com.github.tomakehurst.wiremock.servlet.TrailingSlashFilter-2143739483,[/__files/*],[],15)]
20:49:04.523 [main] DEBUG org.mortbay.log - servletFilterMap=null
20:49:04.523 [main] DEBUG org.mortbay.log - servletPathMap={/__files/*=org.mortbay.jetty.servlet.DefaultServlet-1930903395, /=com.github.tomakehurst.wiremock.jetty6.Jetty6HandlerDispatchingServlet-872522004}
20:49:04.523 [main] DEBUG org.mortbay.log - servletNameMap={com.github.tomakehurst.wiremock.jetty6.Jetty6HandlerDispatchingServlet-872522004=com.github.tomakehurst.wiremock.jetty6.Jetty6HandlerDispatchingServlet-872522004, org.mortbay.jetty.servlet.DefaultServlet-1930903395=org.mortbay.jetty.servlet.DefaultServlet-1930903395}
20:49:04.523 [main] DEBUG org.mortbay.log - Container HandlerCollection@2cc3ad05 + org.mortbay.jetty.servlet.Context@1dd6d4b7{/__admin,null} as handler
20:49:04.523 [main] DEBUG org.mortbay.log - Container HandlerCollection@2cc3ad05 + org.mortbay.jetty.servlet.Context@710b18a6{/,null} as handler
20:49:04.551 [main] INFO  autoTest.accuweather.AbstractTest - Start WireMockServer on port 8080
20:49:04.569 [main] INFO  a.a.a.FifteenDaysOfWeatherAlarmsTest - Тест код ответ 401 запущен
20:49:04.570 [main] DEBUG a.a.a.FifteenDaysOfWeatherAlarmsTest - Формируем мок GET /alarms/v1/15day//290421
20:49:06.020 [main] DEBUG a.a.a.FifteenDaysOfWeatherAlarmsTest - http клиент создан
20:49:06.058 [main] DEBUG autoTest.accuweather.AbstractTest - convertResponseToString method call
]]></system-out>
  </testcase>
</testsuite>